Flow report for DE2_115_TV
Tue Jun 07 18:48:08 2016
Quartus Prime Version 16.0.0 Build 211 04/27/2016 SJ Lite Edition


---------------------
; Table of Contents ;
---------------------
  1. Legal Notice
  2. Flow Summary
  3. Flow Settings
  4. Flow Non-Default Global Settings
  5. Flow Elapsed Time
  6. Flow OS Summary
  7. Flow Log
  8. Flow Messages
  9. Flow Suppressed Messages



----------------
; Legal Notice ;
----------------
Copyright (C) 1991-2016 Altera Corporation. All rights reserved.
Your use of Altera Corporation's design tools, logic functions 
and other software and tools, and its AMPP partner logic 
functions, and any output files from any of the foregoing 
(including device programming or simulation files), and any 
associated documentation or information are expressly subject 
to the terms and conditions of the Altera Program License 
Subscription Agreement, the Altera Quartus Prime License Agreement,
the Altera MegaCore Function License Agreement, or other 
applicable license agreement, including, without limitation, 
that your use is for the sole purpose of programming logic 
devices manufactured by Altera and sold by Altera or its 
authorized distributors.  Please refer to the applicable 
agreement for further details.



+----------------------------------------------------------------------------------+
; Flow Summary                                                                     ;
+------------------------------------+---------------------------------------------+
; Flow Status                        ; Successful - Tue Jun 07 18:47:58 2016       ;
; Quartus Prime Version              ; 16.0.0 Build 211 04/27/2016 SJ Lite Edition ;
; Revision Name                      ; DE2_115_TV                                  ;
; Top-level Entity Name              ; DE2_115_TV                                  ;
; Family                             ; Cyclone IV E                                ;
; Device                             ; EP4CE115F29C7                               ;
; Timing Models                      ; Final                                       ;
; Total logic elements               ; 12,662 / 114,480 ( 11 % )                   ;
;     Total combinational functions  ; 12,402 / 114,480 ( 11 % )                   ;
;     Dedicated logic registers      ; 3,980 / 114,480 ( 3 % )                     ;
; Total registers                    ; 3980                                        ;
; Total pins                         ; 436 / 529 ( 82 % )                          ;
; Total virtual pins                 ; 0                                           ;
; Total memory bits                  ; 45,024 / 3,981,312 ( 1 % )                  ;
; Embedded Multiplier 9-bit elements ; 18 / 532 ( 3 % )                            ;
; Total PLLs                         ; 1 / 4 ( 25 % )                              ;
+------------------------------------+---------------------------------------------+


+-----------------------------------------+
; Flow Settings                           ;
+-------------------+---------------------+
; Option            ; Setting             ;
+-------------------+---------------------+
; Start date & time ; 06/07/2016 18:45:34 ;
; Main task         ; Compilation         ;
; Revision Name     ; DE2_115_TV          ;
+-------------------+---------------------+


+----------------------------------------------------------------------------------------------------------------------------+
; Flow Non-Default Global Settings                                                                                           ;
+-----------------------------------------+---------------------------------------+---------------+-------------+------------+
; Assignment Name                         ; Value                                 ; Default Value ; Entity Name ; Section Id ;
+-----------------------------------------+---------------------------------------+---------------+-------------+------------+
; ALM_REGISTER_PACKING_EFFORT             ; High                                  ; Medium        ; --          ; --         ;
; COMPILER_SIGNATURE_ID                   ; 176507744242161.146533593407884       ; --            ; --          ; --         ;
; ENABLE_SIGNALTAP                        ; Off                                   ; --            ; --          ; --         ;
; MAX_CORE_JUNCTION_TEMP                  ; 85                                    ; --            ; --          ; --         ;
; MIN_CORE_JUNCTION_TEMP                  ; 0                                     ; --            ; --          ; --         ;
; MISC_FILE                               ; DE2_115_TV.dpf                        ; --            ; --          ; --         ;
; NOMINAL_CORE_SUPPLY_VOLTAGE             ; 1.2V                                  ; --            ; --          ; --         ;
; OPTIMIZATION_MODE                       ; Aggressive Area                       ; Balanced      ; --          ; --         ;
; PARTITION_COLOR                         ; 16764057                              ; --            ; --          ; Top        ;
; PARTITION_FITTER_PRESERVATION_LEVEL     ; PLACEMENT_AND_ROUTING                 ; --            ; --          ; Top        ;
; PARTITION_NETLIST_TYPE                  ; SOURCE                                ; --            ; --          ; Top        ;
; PHYSICAL_SYNTHESIS_COMBO_LOGIC_FOR_AREA ; On                                    ; Off           ; --          ; --         ;
; POWER_BOARD_THERMAL_MODEL               ; None (CONSERVATIVE)                   ; --            ; --          ; --         ;
; POWER_PRESET_COOLING_SOLUTION           ; 23 MM HEAT SINK WITH 200 LFPM AIRFLOW ; --            ; --          ; --         ;
; SMART_RECOMPILE                         ; On                                    ; Off           ; --          ; --         ;
; USE_SIGNALTAP_FILE                      ; stp1.stp                              ; --            ; --          ; --         ;
; VERILOG_INPUT_VERSION                   ; SystemVerilog_2005                    ; Verilog_2001  ; --          ; --         ;
; VERILOG_SHOW_LMF_MAPPING_MESSAGES       ; Off                                   ; --            ; --          ; --         ;
; VHDL_INPUT_VERSION                      ; VHDL_2008                             ; VHDL_1993     ; --          ; --         ;
; VHDL_SHOW_LMF_MAPPING_MESSAGES          ; Off                                   ; --            ; --          ; --         ;
+-----------------------------------------+---------------------------------------+---------------+-------------+------------+


+-------------------------------------------------------------------------------------------------------------------------------+
; Flow Elapsed Time                                                                                                             ;
+---------------------------+--------------+-------------------------+---------------------+------------------------------------+
; Module Name               ; Elapsed Time ; Average Processors Used ; Peak Virtual Memory ; Total CPU Time (on all processors) ;
+---------------------------+--------------+-------------------------+---------------------+------------------------------------+
; Analysis & Synthesis      ; 00:00:37     ; 1.0                     ; 987 MB              ; 00:00:54                           ;
; Fitter                    ; 00:01:32     ; 1.0                     ; 1661 MB             ; 00:02:08                           ;
; Assembler                 ; 00:00:07     ; 1.0                     ; 817 MB              ; 00:00:06                           ;
; TimeQuest Timing Analyzer ; 00:00:09     ; 1.2                     ; 1041 MB             ; 00:00:10                           ;
; Total                     ; 00:02:25     ; --                      ; --                  ; 00:03:18                           ;
+---------------------------+--------------+-------------------------+---------------------+------------------------------------+


+----------------------------------------------------------------------------------------+
; Flow OS Summary                                                                        ;
+---------------------------+------------------+-----------+------------+----------------+
; Module Name               ; Machine Hostname ; OS Name   ; OS Version ; Processor type ;
+---------------------------+------------------+-----------+------------+----------------+
; Analysis & Synthesis      ; DESKTOP-3IRATBJ  ; Windows 8 ; 6.2        ; x86_64         ;
; Fitter                    ; DESKTOP-3IRATBJ  ; Windows 8 ; 6.2        ; x86_64         ;
; Assembler                 ; DESKTOP-3IRATBJ  ; Windows 8 ; 6.2        ; x86_64         ;
; TimeQuest Timing Analyzer ; DESKTOP-3IRATBJ  ; Windows 8 ; 6.2        ; x86_64         ;
+---------------------------+------------------+-----------+------------+----------------+


------------
; Flow Log ;
------------
quartus_map --read_settings_files=on --write_settings_files=off DE2_115_TV -c DE2_115_TV
quartus_fit --read_settings_files=off --write_settings_files=off DE2_115_TV -c DE2_115_TV
quartus_asm --read_settings_files=off --write_settings_files=off DE2_115_TV -c DE2_115_TV
quartus_sta DE2_115_TV -c DE2_115_TV



